[0223/153050.130:WARNING:resource_util.cc(94)] Please customize CefSettings.root_cache_path for your application. Use of the default value may lead to unintended process singleton behavior.
[0223/153050.495:INFO:component_installer.cc(301)] Failed to verify installation for Widevine Content Decryption Module (C:\Users\admin\AppData\Local\CEF\User Data\WidevineCdm\4.10.2710.0).: 지정된 경로를 찾을 수 없습니다. (0x3)
[0226/120711.666:WARNING:resource_util.cc(94)] Please customize CefSettings.root_cache_path for your application. Use of the default value may lead to unintended process singleton behavior.
[0226/120728.249:ERROR:CONSOLE(1)] "Request Autofill.enable failed. {"code":-32601,"message":"'Autofill.enable' wasn't found"}", source: devtools://devtools/core/protocol_client/protocol_client.js (1)
[0226/123251.765:WARNING:resource_util.cc(94)] Please customize CefSettings.root_cache_path for your application. Use of the default value may lead to unintended process singleton behavior.
[0226/123254.531:ERROR:interface_endpoint_client.cc(702)] Message 6 rejected by interface blink.mojom.WidgetHost
[0226/123254.531:ERROR:interface_endpoint_client.cc(702)] Message 7 rejected by interface blink.mojom.WidgetHost
[0226/123459.577:WARNING:resource_util.cc(94)] Please customize CefSettings.root_cache_path for your application. Use of the default value may lead to unintended process singleton behavior.
[0226/123706.417:WARNING:resource_util.cc(94)] Please customize CefSettings.root_cache_path for your application. Use of the default value may lead to unintended process singleton behavior.
[0226/123716.896:ERROR:CONSOLE(1)] "Request Autofill.enable failed. {"code":-32601,"message":"'Autofill.enable' wasn't found"}", source: devtools://devtools/core/protocol_client/protocol_client.js (1)
[0226/124211.819:WARNING:resource_util.cc(94)] Please customize CefSettings.root_cache_path for your application. Use of the default value may lead to unintended process singleton behavior.
[0226/125417.493:WARNING:resource_util.cc(94)] Please customize CefSettings.root_cache_path for your application. Use of the default value may lead to unintended process singleton behavior.
[0226/125420.161:INFO:CONSOLE(23)] "baseURL : /C:/Users/admin/source/repos/ManagerCafe/ManagerCafe/bin/Debug/assets/", source: file:///C:/Users/admin/source/repos/ManagerCafe/ManagerCafe/bin/Debug/assets/form/marujs/WebApp.min.js (23)
[0226/131541.315:ERROR:CONSOLE(1)] "Request Autofill.enable failed. {"code":-32601,"message":"'Autofill.enable' wasn't found"}", source: devtools://devtools/core/protocol_client/protocol_client.js (1)
[0226/131659.685:WARNING:resource_util.cc(94)] Please customize CefSettings.root_cache_path for your application. Use of the default value may lead to unintended process singleton behavior.
[0226/131702.146:INFO:CONSOLE(23)] "baseURL : /C:/Users/admin/source/repos/ManagerCafe/ManagerCafe/bin/Debug/assets/", source: file:///C:/Users/admin/source/repos/ManagerCafe/ManagerCafe/bin/Debug/assets/form/marujs/WebApp.min.js (23)
[0226/131716.378:ERROR:CONSOLE(1)] "Request Autofill.enable failed. {"code":-32601,"message":"'Autofill.enable' wasn't found"}", source: devtools://devtools/core/protocol_client/protocol_client.js (1)
[0226/132220.429:WARNING:resource_util.cc(94)] Please customize CefSettings.root_cache_path for your application. Use of the default value may lead to unintended process singleton behavior.
[0226/132222.806:INFO:CONSOLE(23)] "baseURL : /C:/Users/admin/source/repos/ManagerCafe/ManagerCafe/bin/Debug/assets/", source: file:///C:/Users/admin/source/repos/ManagerCafe/ManagerCafe/bin/Debug/assets/form/marujs/WebApp.min.js (23)
[0226/132226.679:ERROR:CONSOLE(1)] "Request Autofill.enable failed. {"code":-32601,"message":"'Autofill.enable' wasn't found"}", source: devtools://devtools/core/protocol_client/protocol_client.js (1)
[0226/132752.616:WARNING:resource_util.cc(94)] Please customize CefSettings.root_cache_path for your application. Use of the default value may lead to unintended process singleton behavior.
[0226/132754.954:INFO:CONSOLE(23)] "baseURL : /C:/Users/admin/source/repos/ManagerCafe/ManagerCafe/bin/Debug/assets/", source: file:///C:/Users/admin/source/repos/ManagerCafe/ManagerCafe/bin/Debug/assets/form/marujs/WebApp.min.js (23)
[0226/132816.155:INFO:CONSOLE(1316)] "Maru_login.btn_Login is not a function", source: file:///C:/Users/admin/source/repos/ManagerCafe/ManagerCafe/bin/Debug/assets/form/marujs/WebApp.site.js (1316)
[0226/133056.337:WARNING:resource_util.cc(94)] Please customize CefSettings.root_cache_path for your application. Use of the default value may lead to unintended process singleton behavior.
[0226/133058.783:INFO:CONSOLE(23)] "baseURL : /C:/Users/admin/source/repos/ManagerCafe/ManagerCafe/bin/Debug/assets/", source: file:///C:/Users/admin/source/repos/ManagerCafe/ManagerCafe/bin/Debug/assets/form/marujs/WebApp.min.js (23)
[0226/133143.755:WARNING:resource_util.cc(94)] Please customize CefSettings.root_cache_path for your application. Use of the default value may lead to unintended process singleton behavior.
[0226/133209.944:WARNING:resource_util.cc(94)] Please customize CefSettings.root_cache_path for your application. Use of the default value may lead to unintended process singleton behavior.
[0226/134300.090:WARNING:dns_config_service_win.cc(585)] Failed to read DnsConfig.
[0226/134300.106:WARNING:dns_config_service_win.cc(585)] Failed to read DnsConfig.
[0226/134305.099:WARNING:dns_config_service_win.cc(585)] Failed to read DnsConfig.
[0226/134305.112:WARNING:dns_config_service_win.cc(585)] Failed to read DnsConfig.
[0226/134315.108:WARNING:dns_config_service_win.cc(585)] Failed to read DnsConfig.
[0226/134315.119:WARNING:dns_config_service_win.cc(585)] Failed to read DnsConfig.
[0226/134335.116:WARNING:dns_config_service_win.cc(585)] Failed to read DnsConfig.
[0226/134335.126:WARNING:dns_config_service_win.cc(585)] Failed to read DnsConfig.
[0226/135513.709:WARNING:resource_util.cc(94)] Please customize CefSettings.root_cache_path for your application. Use of the default value may lead to unintended process singleton behavior.
[0226/135717.855:ERROR:CONSOLE(1)] "Request Autofill.enable failed. {"code":-32601,"message":"'Autofill.enable' wasn't found"}", source: devtools://devtools/core/protocol_client/protocol_client.js (1)
[0226/135826.870:WARNING:resource_util.cc(94)] Please customize CefSettings.root_cache_path for your application. Use of the default value may lead to unintended process singleton behavior.
[0226/135850.332:ERROR:CONSOLE(1)] "Request Autofill.enable failed. {"code":-32601,"message":"'Autofill.enable' wasn't found"}", source: devtools://devtools/core/protocol_client/protocol_client.js (1)
[0226/140004.665:WARNING:resource_util.cc(94)] Please customize CefSettings.root_cache_path for your application. Use of the default value may lead to unintended process singleton behavior.
[0226/140013.554:ERROR:CONSOLE(1)] "Request Autofill.enable failed. {"code":-32601,"message":"'Autofill.enable' wasn't found"}", source: devtools://devtools/core/protocol_client/protocol_client.js (1)
[0226/140033.102:ERROR:CONSOLE(1)] "Request Autofill.enable failed. {"code":-32601,"message":"'Autofill.enable' wasn't found"}", source: devtools://devtools/core/protocol_client/protocol_client.js (1)
[0226/140201.817:WARNING:resource_util.cc(94)] Please customize CefSettings.root_cache_path for your application. Use of the default value may lead to unintended process singleton behavior.
[0226/140207.682:INFO:CONSOLE(6)] "LOGIN : Request", source: file:///C:/Users/admin/source/repos/ManagerCafe/ManagerCafe/bin/Debug/assets/form/marujs/login/WebApp_login_one.js (6)
[0226/140239.511:WARNING:resource_util.cc(94)] Please customize CefSettings.root_cache_path for your application. Use of the default value may lead to unintended process singleton behavior.
[0226/140248.981:INFO:CONSOLE(6)] "LOGIN : Request", source: file:///C:/Users/admin/source/repos/ManagerCafe/ManagerCafe/bin/Debug/assets/form/marujs/login/WebApp_login_one.js (6)
[0226/140254.126:ERROR:CONSOLE(1)] "Request Autofill.enable failed. {"code":-32601,"message":"'Autofill.enable' wasn't found"}", source: devtools://devtools/core/protocol_client/protocol_client.js (1)
[0226/140524.869:WARNING:resource_util.cc(94)] Please customize CefSettings.root_cache_path for your application. Use of the default value may lead to unintended process singleton behavior.
[0226/140529.438:INFO:CONSOLE(16)] "LOGIN : Response", source: file:///C:/Users/admin/source/repos/ManagerCafe/ManagerCafe/bin/Debug/assets/form/marujs/login/WebApp_login_one.js (16)
[0226/142645.438:WARNING:resource_util.cc(94)] Please customize CefSettings.root_cache_path for your application. Use of the default value may lead to unintended process singleton behavior.
[0226/142650.434:INFO:CONSOLE(11)] "getPage/C:/Users/admin/source/repos/ManagerCafe/ManagerCafe/bin/Debug/assets/html/manage/manage_coffee.html, manage-body, manage_coffee", source: file:///C:/Users/admin/source/repos/ManagerCafe/ManagerCafe/bin/Debug/assets/form/marujs/WebApp.min.js (11)
[0226/142650.448:INFO:CONSOLE(12)] "Uncaught TypeError: Cannot read properties of null (reading 'replace')", source: file:///C:/Users/admin/source/repos/ManagerCafe/ManagerCafe/bin/Debug/assets/form/marujs/WebApp.min.js (12)
[0226/142805.549:WARNING:resource_util.cc(94)] Please customize CefSettings.root_cache_path for your application. Use of the default value may lead to unintended process singleton behavior.
[0226/142811.219:INFO:CONSOLE(180)] "getPage/C:/Users/admin/source/repos/ManagerCafe/ManagerCafe/bin/Debug/assets/html/manage/manage_coffee.html, manage-body, manage_coffee", source: file:///C:/Users/admin/source/repos/ManagerCafe/ManagerCafe/bin/Debug/assets/form/marujs/WebApp.js (180)
[0226/142811.222:INFO:CONSOLE(188)] "Uncaught TypeError: Cannot read properties of null (reading 'replace')", source: file:///C:/Users/admin/source/repos/ManagerCafe/ManagerCafe/bin/Debug/assets/form/marujs/WebApp.js (188)
[0226/142852.376:ERROR:CONSOLE(1)] "Request Autofill.enable failed. {"code":-32601,"message":"'Autofill.enable' wasn't found"}", source: devtools://devtools/core/protocol_client/protocol_client.js (1)
[0226/143012.357:WARNING:resource_util.cc(94)] Please customize CefSettings.root_cache_path for your application. Use of the default value may lead to unintended process singleton behavior.
[0226/143021.123:INFO:CONSOLE(180)] "getPage/C:/Users/admin/source/repos/ManagerCafe/ManagerCafe/bin/Debug/assets/html/manage/manage_coffee.html, manage-body, manage_coffee", source: file:///C:/Users/admin/source/repos/ManagerCafe/ManagerCafe/bin/Debug/assets/form/marujs/WebApp.js (180)
[0226/143021.125:INFO:CONSOLE(188)] "getPage_callback b, : null", source: file:///C:/Users/admin/source/repos/ManagerCafe/ManagerCafe/bin/Debug/assets/form/marujs/WebApp.js (188)
[0226/143021.125:INFO:CONSOLE(189)] "Uncaught TypeError: Cannot read properties of null (reading 'replace')", source: file:///C:/Users/admin/source/repos/ManagerCafe/ManagerCafe/bin/Debug/assets/form/marujs/WebApp.js (189)
[0226/143311.302:WARNING:resource_util.cc(94)] Please customize CefSettings.root_cache_path for your application. Use of the default value may lead to unintended process singleton behavior.
[0226/143316.946:INFO:CONSOLE(1)] "Uncaught ReferenceError: HTTP_STATUS_CODE is not defined", source: file:///C:/Users/admin/source/repos/ManagerCafe/ManagerCafe/bin/Debug/assets/form/marujs/WebApp.func.min.js (1)
[0226/143316.947:INFO:CONSOLE(3773)] "jQuery.Deferred exception: Cannot read properties of null (reading 'toLowerCase') TypeError: Cannot read properties of null (reading 'toLowerCase')
    at Object.parseScript (file:///C:/Users/admin/source/repos/ManagerCafe/ManagerCafe/bin/Debug/assets/form/marujs/WebApp.func.min.js:4:170)
    at HTMLDocument.<anonymous> (file:///C:/Users/admin/source/repos/ManagerCafe/ManagerCafe/bin/Debug/assets/form/marujs/WebApp.js:210:15)
    at mightThrow (file:///C:/Users/admin/source/repos/ManagerCafe/ManagerCafe/bin/Debug/assets/js/jquery-3.7.0.js:3479:29)
    at process (file:///C:/Users/admin/source/repos/ManagerCafe/ManagerCafe/bin/Debug/assets/js/jquery-3.7.0.js:3547:12) undefined", source: file:///C:/Users/admin/source/repos/ManagerCafe/ManagerCafe/bin/Debug/assets/js/jquery-3.7.0.js (3773)
[0226/143316.947:INFO:CONSOLE(3783)] "Uncaught TypeError: Cannot read properties of null (reading 'toLowerCase')", source: file:///C:/Users/admin/source/repos/ManagerCafe/ManagerCafe/bin/Debug/assets/js/jquery-3.7.0.js (3783)
[0226/143536.687:WARNING:resource_util.cc(94)] Please customize CefSettings.root_cache_path for your application. Use of the default value may lead to unintended process singleton behavior.
[0226/143540.627:INFO:CONSOLE(1)] "Uncaught ReferenceError: HTTP_STATUS_CODE is not defined", source: file:///C:/Users/admin/source/repos/ManagerCafe/ManagerCafe/bin/Debug/assets/form/marujs/WebApp.func.min.js (1)
[0226/143540.627:INFO:CONSOLE(3773)] "jQuery.Deferred exception: Cannot read properties of null (reading 'toLowerCase') TypeError: Cannot read properties of null (reading 'toLowerCase')
    at Object.parseScript (file:///C:/Users/admin/source/repos/ManagerCafe/ManagerCafe/bin/Debug/assets/form/marujs/WebApp.func.min.js:4:170)
    at HTMLDocument.<anonymous> (file:///C:/Users/admin/source/repos/ManagerCafe/ManagerCafe/bin/Debug/assets/form/marujs/WebApp.js:210:15)
    at mightThrow (file:///C:/Users/admin/source/repos/ManagerCafe/ManagerCafe/bin/Debug/assets/js/jquery-3.7.0.js:3479:29)
    at process (file:///C:/Users/admin/source/repos/ManagerCafe/ManagerCafe/bin/Debug/assets/js/jquery-3.7.0.js:3547:12) undefined", source: file:///C:/Users/admin/source/repos/ManagerCafe/ManagerCafe/bin/Debug/assets/js/jquery-3.7.0.js (3773)
[0226/143540.628:INFO:CONSOLE(3783)] "Uncaught TypeError: Cannot read properties of null (reading 'toLowerCase')", source: file:///C:/Users/admin/source/repos/ManagerCafe/ManagerCafe/bin/Debug/assets/js/jquery-3.7.0.js (3783)
[0226/143818.176:WARNING:resource_util.cc(94)] Please customize CefSettings.root_cache_path for your application. Use of the default value may lead to unintended process singleton behavior.
[0226/143822.655:INFO:CONSOLE(1)] "Uncaught ReferenceError: HTTP_STATUS_CODE is not defined", source: file:///C:/Users/admin/source/repos/ManagerCafe/ManagerCafe/bin/Debug/assets/form/marujs/WebApp.func.min.js (1)
[0226/143822.655:INFO:CONSOLE(3773)] "jQuery.Deferred exception: Cannot read properties of null (reading 'toLowerCase') TypeError: Cannot read properties of null (reading 'toLowerCase')
    at Object.parseScript (file:///C:/Users/admin/source/repos/ManagerCafe/ManagerCafe/bin/Debug/assets/form/marujs/WebApp.func.min.js:4:170)
    at HTMLDocument.<anonymous> (file:///C:/Users/admin/source/repos/ManagerCafe/ManagerCafe/bin/Debug/assets/form/marujs/WebApp.js:210:15)
    at mightThrow (file:///C:/Users/admin/source/repos/ManagerCafe/ManagerCafe/bin/Debug/assets/js/jquery-3.7.0.js:3479:29)
    at process (file:///C:/Users/admin/source/repos/ManagerCafe/ManagerCafe/bin/Debug/assets/js/jquery-3.7.0.js:3547:12) undefined", source: file:///C:/Users/admin/source/repos/ManagerCafe/ManagerCafe/bin/Debug/assets/js/jquery-3.7.0.js (3773)
[0226/143822.655:INFO:CONSOLE(3783)] "Uncaught TypeError: Cannot read properties of null (reading 'toLowerCase')", source: file:///C:/Users/admin/source/repos/ManagerCafe/ManagerCafe/bin/Debug/assets/js/jquery-3.7.0.js (3783)
[0226/144338.261:WARNING:resource_util.cc(94)] Please customize CefSettings.root_cache_path for your application. Use of the default value may lead to unintended process singleton behavior.
[0226/144343.588:INFO:CONSOLE(180)] "getPage/C:/Users/admin/source/repos/ManagerCafe/ManagerCafe/bin/Debug/assets/html/manage/manage_coffee.html, manage-body, manage_coffee", source: file:///C:/Users/admin/source/repos/ManagerCafe/ManagerCafe/bin/Debug/assets/form/marujs/WebApp.js (180)
[0226/144343.591:INFO:CONSOLE(188)] "Uncaught TypeError: Cannot read properties of null (reading 'replace')", source: file:///C:/Users/admin/source/repos/ManagerCafe/ManagerCafe/bin/Debug/assets/form/marujs/WebApp.js (188)
[0226/144416.541:WARNING:resource_util.cc(94)] Please customize CefSettings.root_cache_path for your application. Use of the default value may lead to unintended process singleton behavior.
[0226/144420.568:INFO:CONSOLE(180)] "getPage a: /C:/Users/admin/source/repos/ManagerCafe/ManagerCafe/bin/Debug/assets/html/manage/manage_coffee.html, b: manage-body, c: manage_coffee", source: file:///C:/Users/admin/source/repos/ManagerCafe/ManagerCafe/bin/Debug/assets/form/marujs/WebApp.js (180)
[0226/144420.571:INFO:CONSOLE(188)] "Uncaught TypeError: Cannot read properties of null (reading 'replace')", source: file:///C:/Users/admin/source/repos/ManagerCafe/ManagerCafe/bin/Debug/assets/form/marujs/WebApp.js (188)
[0226/144923.561:WARNING:resource_util.cc(94)] Please customize CefSettings.root_cache_path for your application. Use of the default value may lead to unintended process singleton behavior.
[0226/144928.954:INFO:CONSOLE(180)] "getPage a: /C:/Users/admin/source/repos/ManagerCafe/ManagerCafe/bin/Debug/assets/form/html/manage/manage_coffee.html, b: manage-body, c: manage_coffee", source: file:///C:/Users/admin/source/repos/ManagerCafe/ManagerCafe/bin/Debug/assets/form/marujs/WebApp.js (180)
[0226/145013.198:WARNING:resource_util.cc(94)] Please customize CefSettings.root_cache_path for your application. Use of the default value may lead to unintended process singleton behavior.
[0226/145044.072:ERROR:CONSOLE(1)] "Request Autofill.enable failed. {"code":-32601,"message":"'Autofill.enable' wasn't found"}", source: devtools://devtools/core/protocol_client/protocol_client.js (1)
[0226/145347.106:WARNING:resource_util.cc(94)] Please customize CefSettings.root_cache_path for your application. Use of the default value may lead to unintended process singleton behavior.
[0226/145415.617:ERROR:CONSOLE(1)] "Request Autofill.enable failed. {"code":-32601,"message":"'Autofill.enable' wasn't found"}", source: devtools://devtools/core/protocol_client/protocol_client.js (1)
[0226/145838.700:WARNING:resource_util.cc(94)] Please customize CefSettings.root_cache_path for your application. Use of the default value may lead to unintended process singleton behavior.
[0226/145919.791:ERROR:CONSOLE(1)] "Request Autofill.enable failed. {"code":-32601,"message":"'Autofill.enable' wasn't found"}", source: devtools://devtools/core/protocol_client/protocol_client.js (1)
[0226/150414.591:WARNING:resource_util.cc(94)] Please customize CefSettings.root_cache_path for your application. Use of the default value may lead to unintended process singleton behavior.
[0226/150432.376:ERROR:CONSOLE(1)] "Request Autofill.enable failed. {"code":-32601,"message":"'Autofill.enable' wasn't found"}", source: devtools://devtools/core/protocol_client/protocol_client.js (1)
[0226/150521.984:WARNING:resource_util.cc(94)] Please customize CefSettings.root_cache_path for your application. Use of the default value may lead to unintended process singleton behavior.
[0226/150541.299:ERROR:CONSOLE(1)] "Request Autofill.enable failed. {"code":-32601,"message":"'Autofill.enable' wasn't found"}", source: devtools://devtools/core/protocol_client/protocol_client.js (1)
[0226/151214.861:WARNING:resource_util.cc(94)] Please customize CefSettings.root_cache_path for your application. Use of the default value may lead to unintended process singleton behavior.
[0226/151332.142:ERROR:CONSOLE(1)] "Request Autofill.enable failed. {"code":-32601,"message":"'Autofill.enable' wasn't found"}", source: devtools://devtools/core/protocol_client/protocol_client.js (1)
[0226/151553.225:WARNING:resource_util.cc(94)] Please customize CefSettings.root_cache_path for your application. Use of the default value may lead to unintended process singleton behavior.
[0226/151601.296:ERROR:CONSOLE(1)] "Request Autofill.enable failed. {"code":-32601,"message":"'Autofill.enable' wasn't found"}", source: devtools://devtools/core/protocol_client/protocol_client.js (1)
[0226/152235.925:WARNING:resource_util.cc(94)] Please customize CefSettings.root_cache_path for your application. Use of the default value may lead to unintended process singleton behavior.
[0226/152241.873:INFO:CONSOLE(188)] "Uncaught TypeError: Cannot read properties of null (reading 'replace')", source: file:///C:/Users/admin/source/repos/ManagerCafe/ManagerCafe/bin/Debug/assets/form/marujs/WebApp.js (188)
[0226/152317.121:WARNING:resource_util.cc(94)] Please customize CefSettings.root_cache_path for your application. Use of the default value may lead to unintended process singleton behavior.
[0226/152321.416:INFO:CONSOLE(301)] "Uncaught TypeError: Cannot read properties of null (reading 'replace')", source: file:///C:/Users/admin/source/repos/ManagerCafe/ManagerCafe/bin/Debug/assets/form/marujs/WebApp.js (301)
[0226/152523.680:WARNING:resource_util.cc(94)] Please customize CefSettings.root_cache_path for your application. Use of the default value may lead to unintended process singleton behavior.
[0226/152614.324:ERROR:CONSOLE(1)] "Request Autofill.enable failed. {"code":-32601,"message":"'Autofill.enable' wasn't found"}", source: devtools://devtools/core/protocol_client/protocol_client.js (1)
[0226/152740.784:INFO:CONSOLE(195)] "response : GO_START", source: file:///C:/Users/admin/source/repos/ManagerCafe/ManagerCafe/bin/Debug/assets/form/marujs/manage/WebApp_manage.js (195)
[0226/152740.784:INFO:CONSOLE(196)] "Uncaught ReferenceError: Maru_goods is not defined", source: file:///C:/Users/admin/source/repos/ManagerCafe/ManagerCafe/bin/Debug/assets/form/marujs/manage/WebApp_manage.js (196)
[0226/152748.982:WARNING:resource_util.cc(94)] Please customize CefSettings.root_cache_path for your application. Use of the default value may lead to unintended process singleton behavior.
[0226/152804.545:ERROR:CONSOLE(1)] "Request Autofill.enable failed. {"code":-32601,"message":"'Autofill.enable' wasn't found"}", source: devtools://devtools/core/protocol_client/protocol_client.js (1)
[0226/152902.442:WARNING:resource_util.cc(94)] Please customize CefSettings.root_cache_path for your application. Use of the default value may lead to unintended process singleton behavior.
[0226/152919.230:ERROR:CONSOLE(1)] "Request Autofill.enable failed. {"code":-32601,"message":"'Autofill.enable' wasn't found"}", source: devtools://devtools/core/protocol_client/protocol_client.js (1)
[0226/153524.942:WARNING:resource_util.cc(94)] Please customize CefSettings.root_cache_path for your application. Use of the default value may lead to unintended process singleton behavior.
[0226/153701.494:ERROR:CONSOLE(1)] "Request Autofill.enable failed. {"code":-32601,"message":"'Autofill.enable' wasn't found"}", source: devtools://devtools/core/protocol_client/protocol_client.js (1)
[0226/155004.668:WARNING:resource_util.cc(94)] Please customize CefSettings.root_cache_path for your application. Use of the default value may lead to unintended process singleton behavior.
[0226/155047.170:WARNING:resource_util.cc(94)] Please customize CefSettings.root_cache_path for your application. Use of the default value may lead to unintended process singleton behavior.
[0226/155121.222:WARNING:resource_util.cc(94)] Please customize CefSettings.root_cache_path for your application. Use of the default value may lead to unintended process singleton behavior.
[0226/155203.240:WARNING:resource_util.cc(94)] Please customize CefSettings.root_cache_path for your application. Use of the default value may lead to unintended process singleton behavior.
[0226/155223.250:WARNING:resource_util.cc(94)] Please customize CefSettings.root_cache_path for your application. Use of the default value may lead to unintended process singleton behavior.
[0226/155640.824:ERROR:CONSOLE(1)] "Request Autofill.enable failed. {"code":-32601,"message":"'Autofill.enable' wasn't found"}", source: devtools://devtools/core/protocol_client/protocol_client.js (1)
[0226/155850.930:WARNING:resource_util.cc(94)] Please customize CefSettings.root_cache_path for your application. Use of the default value may lead to unintended process singleton behavior.
[0226/155941.091:WARNING:resource_util.cc(94)] Please customize CefSettings.root_cache_path for your application. Use of the default value may lead to unintended process singleton behavior.
[0226/160015.292:WARNING:resource_util.cc(94)] Please customize CefSettings.root_cache_path for your application. Use of the default value may lead to unintended process singleton behavior.
[0226/160539.526:ERROR:CONSOLE(1)] "Request Autofill.enable failed. {"code":-32601,"message":"'Autofill.enable' wasn't found"}", source: devtools://devtools/core/protocol_client/protocol_client.js (1)
[0226/160750.809:WARNING:resource_util.cc(94)] Please customize CefSettings.root_cache_path for your application. Use of the default value may lead to unintended process singleton behavior.
[0226/160806.717:ERROR:CONSOLE(1)] "Request Autofill.enable failed. {"code":-32601,"message":"'Autofill.enable' wasn't found"}", source: devtools://devtools/core/protocol_client/protocol_client.js (1)
[0226/160906.150:WARNING:resource_util.cc(94)] Please customize CefSettings.root_cache_path for your application. Use of the default value may lead to unintended process singleton behavior.
[0226/160917.698:INFO:CONSOLE(1316)] "Maru_manage is not defined", source: file:///C:/Users/admin/source/repos/ManagerCafe/ManagerCafe/bin/Debug/assets/form/marujs/WebApp.site.js (1316)
[0226/161958.230:WARNING:resource_util.cc(94)] Please customize CefSettings.root_cache_path for your application. Use of the default value may lead to unintended process singleton behavior.
[0226/162020.191:INFO:CONSOLE(1316)] "Maru_manage is not defined", source: file:///C:/Users/admin/source/repos/ManagerCafe/ManagerCafe/bin/Debug/assets/form/marujs/WebApp.site.js (1316)
[0226/162201.576:WARNING:resource_util.cc(94)] Please customize CefSettings.root_cache_path for your application. Use of the default value may lead to unintended process singleton behavior.
[0226/162209.435:INFO:CONSOLE(1316)] "Maru_manage.btn_goKiosk is not a function", source: file:///C:/Users/admin/source/repos/ManagerCafe/ManagerCafe/bin/Debug/assets/form/marujs/WebApp.site.js (1316)
[0226/162245.612:WARNING:resource_util.cc(94)] Please customize CefSettings.root_cache_path for your application. Use of the default value may lead to unintended process singleton behavior.
[0226/162738.147:WARNING:resource_util.cc(94)] Please customize CefSettings.root_cache_path for your application. Use of the default value may lead to unintended process singleton behavior.
[0226/162757.075:ERROR:CONSOLE(1)] "Request Autofill.enable failed. {"code":-32601,"message":"'Autofill.enable' wasn't found"}", source: devtools://devtools/core/protocol_client/protocol_client.js (1)
[0226/164955.066:WARNING:resource_util.cc(94)] Please customize CefSettings.root_cache_path for your application. Use of the default value may lead to unintended process singleton behavior.
[0226/165835.953:WARNING:resource_util.cc(94)] Please customize CefSettings.root_cache_path for your application. Use of the default value may lead to unintended process singleton behavior.
[0226/170000.339:WARNING:resource_util.cc(94)] Please customize CefSettings.root_cache_path for your application. Use of the default value may lead to unintended process singleton behavior.
[0226/170308.599:WARNING:resource_util.cc(94)] Please customize CefSettings.root_cache_path for your application. Use of the default value may lead to unintended process singleton behavior.
[0226/170714.787:ERROR:CONSOLE(1)] "Request Autofill.enable failed. {"code":-32601,"message":"'Autofill.enable' wasn't found"}", source: devtools://devtools/core/protocol_client/protocol_client.js (1)
[0226/170851.521:WARNING:resource_util.cc(94)] Please customize CefSettings.root_cache_path for your application. Use of the default value may lead to unintended process singleton behavior.
[0226/170917.014:ERROR:CONSOLE(1)] "Request Autofill.enable failed. {"code":-32601,"message":"'Autofill.enable' wasn't found"}", source: devtools://devtools/core/protocol_client/protocol_client.js (1)
[0226/171733.964:WARNING:resource_util.cc(94)] Please customize CefSettings.root_cache_path for your application. Use of the default value may lead to unintended process singleton behavior.
[0226/171919.326:WARNING:resource_util.cc(94)] Please customize CefSettings.root_cache_path for your application. Use of the default value may lead to unintended process singleton behavior.
[0226/172032.438:WARNING:resource_util.cc(94)] Please customize CefSettings.root_cache_path for your application. Use of the default value may lead to unintended process singleton behavior.
[0226/172145.381:WARNING:resource_util.cc(94)] Please customize CefSettings.root_cache_path for your application. Use of the default value may lead to unintended process singleton behavior.
[0226/172206.023:WARNING:resource_util.cc(94)] Please customize CefSettings.root_cache_path for your application. Use of the default value may lead to unintended process singleton behavior.
[0226/175634.996:WARNING:resource_util.cc(94)] Please customize CefSettings.root_cache_path for your application. Use of the default value may lead to unintended process singleton behavior.
[0226/175814.947:WARNING:resource_util.cc(94)] Please customize CefSettings.root_cache_path for your application. Use of the default value may lead to unintended process singleton behavior.
[0226/175904.935:WARNING:resource_util.cc(94)] Please customize CefSettings.root_cache_path for your application. Use of the default value may lead to unintended process singleton behavior.
[0226/180056.988:WARNING:resource_util.cc(94)] Please customize CefSettings.root_cache_path for your application. Use of the default value may lead to unintended process singleton behavior.
[0226/180133.187:WARNING:resource_util.cc(94)] Please customize CefSettings.root_cache_path for your application. Use of the default value may lead to unintended process singleton behavior.
[0226/181513.639:WARNING:resource_util.cc(94)] Please customize CefSettings.root_cache_path for your application. Use of the default value may lead to unintended process singleton behavior.
[0226/181822.488:WARNING:resource_util.cc(94)] Please customize CefSettings.root_cache_path for your application. Use of the default value may lead to unintended process singleton behavior.
[0226/181829.251:ERROR:CONSOLE(1)] "Request Autofill.enable failed. {"code":-32601,"message":"'Autofill.enable' wasn't found"}", source: devtools://devtools/core/protocol_client/protocol_client.js (1)
[0226/182122.222:WARNING:resource_util.cc(94)] Please customize CefSettings.root_cache_path for your application. Use of the default value may lead to unintended process singleton behavior.
[0226/182136.201:ERROR:CONSOLE(1)] "Request Autofill.enable failed. {"code":-32601,"message":"'Autofill.enable' wasn't found"}", source: devtools://devtools/core/protocol_client/protocol_client.js (1)
[0226/182226.298:WARNING:resource_util.cc(94)] Please customize CefSettings.root_cache_path for your application. Use of the default value may lead to unintended process singleton behavior.
[0226/182239.995:ERROR:CONSOLE(1)] "Request Autofill.enable failed. {"code":-32601,"message":"'Autofill.enable' wasn't found"}", source: devtools://devtools/core/protocol_client/protocol_client.js (1)
[0226/182403.727:WARNING:resource_util.cc(94)] Please customize CefSettings.root_cache_path for your application. Use of the default value may lead to unintended process singleton behavior.
[0226/182413.189:ERROR:CONSOLE(1)] "Request Autofill.enable failed. {"code":-32601,"message":"'Autofill.enable' wasn't found"}", source: devtools://devtools/core/protocol_client/protocol_client.js (1)
[0226/182507.752:WARNING:resource_util.cc(94)] Please customize CefSettings.root_cache_path for your application. Use of the default value may lead to unintended process singleton behavior.
[0226/182926.812:WARNING:resource_util.cc(94)] Please customize CefSettings.root_cache_path for your application. Use of the default value may lead to unintended process singleton behavior.
[0226/183316.849:WARNING:resource_util.cc(94)] Please customize CefSettings.root_cache_path for your application. Use of the default value may lead to unintended process singleton behavior.
[0226/183327.934:ERROR:CONSOLE(1)] "Request Autofill.enable failed. {"code":-32601,"message":"'Autofill.enable' wasn't found"}", source: devtools://devtools/core/protocol_client/protocol_client.js (1)
[0226/184116.894:WARNING:resource_util.cc(94)] Please customize CefSettings.root_cache_path for your application. Use of the default value may lead to unintended process singleton behavior.
[0226/184215.766:ERROR:CONSOLE(1)] "Request Autofill.enable failed. {"code":-32601,"message":"'Autofill.enable' wasn't found"}", source: devtools://devtools/core/protocol_client/protocol_client.js (1)
[0226/184405.987:WARNING:resource_util.cc(94)] Please customize CefSettings.root_cache_path for your application. Use of the default value may lead to unintended process singleton behavior.
[0226/184410.815:ERROR:CONSOLE(1)] "Request Autofill.enable failed. {"code":-32601,"message":"'Autofill.enable' wasn't found"}", source: devtools://devtools/core/protocol_client/protocol_client.js (1)
[0228/102840.093:WARNING:resource_util.cc(94)] Please customize CefSettings.root_cache_path for your application. Use of the default value may lead to unintended process singleton behavior.
[0228/112922.272:WARNING:resource_util.cc(94)] Please customize CefSettings.root_cache_path for your application. Use of the default value may lead to unintended process singleton behavior.
[0228/113241.477:WARNING:resource_util.cc(94)] Please customize CefSettings.root_cache_path for your application. Use of the default value may lead to unintended process singleton behavior.
[0228/131937.051:WARNING:resource_util.cc(94)] Please customize CefSettings.root_cache_path for your application. Use of the default value may lead to unintended process singleton behavior.
[0228/132906.610:WARNING:resource_util.cc(94)] Please customize CefSettings.root_cache_path for your application. Use of the default value may lead to unintended process singleton behavior.
[0228/132942.996:WARNING:resource_util.cc(94)] Please customize CefSettings.root_cache_path for your application. Use of the default value may lead to unintended process singleton behavior.
[0228/133016.182:WARNING:resource_util.cc(94)] Please customize CefSettings.root_cache_path for your application. Use of the default value may lead to unintended process singleton behavior.
[0228/140027.625:WARNING:resource_util.cc(94)] Please customize CefSettings.root_cache_path for your application. Use of the default value may lead to unintended process singleton behavior.
[0228/140124.387:WARNING:resource_util.cc(94)] Please customize CefSettings.root_cache_path for your application. Use of the default value may lead to unintended process singleton behavior.
[0228/140712.708:WARNING:resource_util.cc(94)] Please customize CefSettings.root_cache_path for your application. Use of the default value may lead to unintended process singleton behavior.
[0228/140747.974:WARNING:resource_util.cc(94)] Please customize CefSettings.root_cache_path for your application. Use of the default value may lead to unintended process singleton behavior.
[0228/140925.657:WARNING:resource_util.cc(94)] Please customize CefSettings.root_cache_path for your application. Use of the default value may lead to unintended process singleton behavior.
[0228/141404.216:WARNING:resource_util.cc(94)] Please customize CefSettings.root_cache_path for your application. Use of the default value may lead to unintended process singleton behavior.
[0228/142051.730:WARNING:resource_util.cc(94)] Please customize CefSettings.root_cache_path for your application. Use of the default value may lead to unintended process singleton behavior.
[0228/142238.571:WARNING:resource_util.cc(94)] Please customize CefSettings.root_cache_path for your application. Use of the default value may lead to unintended process singleton behavior.
[0228/142949.763:WARNING:resource_util.cc(94)] Please customize CefSettings.root_cache_path for your application. Use of the default value may lead to unintended process singleton behavior.
[0228/153246.640:WARNING:resource_util.cc(94)] Please customize CefSettings.root_cache_path for your application. Use of the default value may lead to unintended process singleton behavior.
[0229/155430.341:WARNING:resource_util.cc(94)] Please customize CefSettings.root_cache_path for your application. Use of the default value may lead to unintended process singleton behavior.
[0301/164803.353:WARNING:resource_util.cc(94)] Please customize CefSettings.root_cache_path for your application. Use of the default value may lead to unintended process singleton behavior.
[0301/164930.358:WARNING:resource_util.cc(94)] Please customize CefSettings.root_cache_path for your application. Use of the default value may lead to unintended process singleton behavior.
[0301/165443.201:WARNING:resource_util.cc(94)] Please customize CefSettings.root_cache_path for your application. Use of the default value may lead to unintended process singleton behavior.
[0301/165709.086:WARNING:resource_util.cc(94)] Please customize CefSettings.root_cache_path for your application. Use of the default value may lead to unintended process singleton behavior.
[0301/165802.821:WARNING:resource_util.cc(94)] Please customize CefSettings.root_cache_path for your application. Use of the default value may lead to unintended process singleton behavior.
[0301/171202.612:WARNING:resource_util.cc(94)] Please customize CefSettings.root_cache_path for your application. Use of the default value may lead to unintended process singleton behavior.
[0302/211358.214:WARNING:resource_util.cc(94)] Please customize CefSettings.root_cache_path for your application. Use of the default value may lead to unintended process singleton behavior.
[0302/211408.731:ERROR:CONSOLE(1)] "Request Autofill.enable failed. {"code":-32601,"message":"'Autofill.enable' wasn't found"}", source: devtools://devtools/core/protocol_client/protocol_client.js (1)
[0302/212304.856:WARNING:resource_util.cc(94)] Please customize CefSettings.root_cache_path for your application. Use of the default value may lead to unintended process singleton behavior.
[0305/124504.417:WARNING:resource_util.cc(94)] Please customize CefSettings.root_cache_path for your application. Use of the default value may lead to unintended process singleton behavior.
[0305/164625.110:WARNING:resource_util.cc(94)] Please customize CefSettings.root_cache_path for your application. Use of the default value may lead to unintended process singleton behavior.
[0305/164634.872:ERROR:CONSOLE(1)] "Request Autofill.enable failed. {"code":-32601,"message":"'Autofill.enable' wasn't found"}", source: devtools://devtools/core/protocol_client/protocol_client.js (1)
[0307/130445.551:WARNING:resource_util.cc(94)] Please customize CefSettings.root_cache_path for your application. Use of the default value may lead to unintended process singleton behavior.
[0307/130626.527:ERROR:CONSOLE(1)] "Request Autofill.enable failed. {"code":-32601,"message":"'Autofill.enable' wasn't found"}", source: devtools://devtools/core/protocol_client/protocol_client.js (1)
[0307/145756.203:WARNING:resource_util.cc(94)] Please customize CefSettings.root_cache_path for your application. Use of the default value may lead to unintended process singleton behavior.
[0307/145824.196:ERROR:CONSOLE(1)] "Request Autofill.enable failed. {"code":-32601,"message":"'Autofill.enable' wasn't found"}", source: devtools://devtools/core/protocol_client/protocol_client.js (1)
[0307/145933.890:WARNING:resource_util.cc(94)] Please customize CefSettings.root_cache_path for your application. Use of the default value may lead to unintended process singleton behavior.
[0307/145933.995:WARNING:dns_config_service_win.cc(585)] Failed to read DnsConfig.
[0307/145934.663:WARNING:dns_config_service_win.cc(585)] Failed to read DnsConfig.
[0307/145939.012:WARNING:dns_config_service_win.cc(585)] Failed to read DnsConfig.
[0307/145939.678:WARNING:dns_config_service_win.cc(585)] Failed to read DnsConfig.
[0307/145940.701:ERROR:CONSOLE(1)] "Request Autofill.enable failed. {"code":-32601,"message":"'Autofill.enable' wasn't found"}", source: devtools://devtools/core/protocol_client/protocol_client.js (1)
[0307/145949.023:WARNING:dns_config_service_win.cc(585)] Failed to read DnsConfig.
[0307/145949.711:WARNING:dns_config_service_win.cc(585)] Failed to read DnsConfig.
[0307/150009.051:WARNING:dns_config_service_win.cc(585)] Failed to read DnsConfig.
[0307/150009.730:WARNING:dns_config_service_win.cc(585)] Failed to read DnsConfig.
[0320/124011.554:WARNING:resource_util.cc(94)] Please customize CefSettings.root_cache_path for your application. Use of the default value may lead to unintended process singleton behavior.
[0321/125235.185:WARNING:resource_util.cc(94)] Please customize CefSettings.root_cache_path for your application. Use of the default value may lead to unintended process singleton behavior.
[0321/145135.488:WARNING:resource_util.cc(94)] Please customize CefSettings.root_cache_path for your application. Use of the default value may lead to unintended process singleton behavior.
[0321/152335.341:WARNING:resource_util.cc(94)] Please customize CefSettings.root_cache_path for your application. Use of the default value may lead to unintended process singleton behavior.
[0321/152700.532:WARNING:resource_util.cc(94)] Please customize CefSettings.root_cache_path for your application. Use of the default value may lead to unintended process singleton behavior.
[0321/155144.056:WARNING:resource_util.cc(94)] Please customize CefSettings.root_cache_path for your application. Use of the default value may lead to unintended process singleton behavior.
[0321/155251.143:WARNING:resource_util.cc(94)] Please customize CefSettings.root_cache_path for your application. Use of the default value may lead to unintended process singleton behavior.
[0321/155423.589:WARNING:resource_util.cc(94)] Please customize CefSettings.root_cache_path for your application. Use of the default value may lead to unintended process singleton behavior.
[0321/155636.536:WARNING:resource_util.cc(94)] Please customize CefSettings.root_cache_path for your application. Use of the default value may lead to unintended process singleton behavior.
[0321/155702.846:WARNING:resource_util.cc(94)] Please customize CefSettings.root_cache_path for your application. Use of the default value may lead to unintended process singleton behavior.
[0321/155746.714:WARNING:resource_util.cc(94)] Please customize CefSettings.root_cache_path for your application. Use of the default value may lead to unintended process singleton behavior.
[0321/155806.872:WARNING:resource_util.cc(94)] Please customize CefSettings.root_cache_path for your application. Use of the default value may lead to unintended process singleton behavior.
